This file contains any messages produced by compilers while
running configure, to aid debugging if configure makes a mistake.

It was created by bennu configure 1.0.0, which was
generated by GNU Autoconf 2.69.  Invocation command line was

  $ ./configure --enable-static COMMON_LDFLAGS=-L/home/pi/disco320/compiling/bennugd-src/sorcode/bennugd-code-r354/3rdparty/des-4.04b -ldes COMMON_CFLAGS=-I/home/pi/disco320/compiling/bennugd-src/sorcode/bennugd-code-r354/3rdparty/des-4.04b -DUSE_LIBDES CFLAGS=-I/home/pi/disco320/compiling/bennugd-src/sorcode/bennugd-code-r354/3rdparty/des-4.04b -DUSE_LIBDES

## --------- ##
## Platform. ##
## --------- ##

hostname = irae
uname -m = armv7l
uname -r = 4.1.19-v7+
uname -s = Linux
uname -v = #858 SMP Tue Mar 15 15:56:00 GMT 2016

/usr/bin/uname -p = unknown
/bin/uname -X     = unknown

/bin/arch              = unknown
/usr/bin/arch -k       = unknown
/usr/convex/getsysinfo = unknown
/usr/bin/hostinfo      = unknown
/bin/machine           = unknown
/usr/bin/oslevel       = unknown
/bin/universe          = unknown

PATH: /usr/local/sbin
PATH: /usr/local/bin
PATH: /usr/sbin
PATH: /usr/bin
PATH: /sbin
PATH: /bin


## ----------- ##
## Core tests. ##
## ----------- ##

configure:2313: checking build system type
configure:2327: result: armv7l-unknown-linux-gnueabihf
configure:2347: checking host system type
configure:2360: result: armv7l-unknown-linux-gnueabihf
configure:2401: checking how to print strings
configure:2428: result: printf
configure:2497: checking for gcc
configure:2513: found /usr/bin/gcc
configure:2524: result: gcc
configure:2753: checking for C compiler version
configure:2762: gcc --version >&5
gcc (Raspbian 4.9.2-10+deb8u2) 4.9.2
Copyright (C) 2014 Free Software Foundation, Inc.
This is free software; see the source for copying conditions.  There is NO
warranty; not even for MERCHANTABILITY or FITNESS FOR A PARTICULAR PURPOSE.

configure:2773: $? = 0
configure:2762: gcc -v >&5
Using built-in specs.
COLLECT_GCC=gcc
COLLECT_LTO_WRAPPER=/usr/lib/gcc/arm-linux-gnueabihf/4.9/lto-wrapper
Target: arm-linux-gnueabihf
Configured with: ../src/configure -v --with-pkgversion='Raspbian 4.9.2-10+deb8u2' --with-bugurl=file:///usr/share/doc/gcc-4.9/README.Bugs --enable-languages=c,c++,java,go,d,fortran,objc,obj-c++ --prefix=/usr --program-suffix=-4.9 --enable-shared --enable-linker-build-id --libexecdir=/usr/lib --without-included-gettext --enable-threads=posix --with-gxx-include-dir=/usr/include/c++/4.9 --libdir=/usr/lib --enable-nls --with-sysroot=/ --enable-clocale=gnu --enable-libstdcxx-debug --enable-libstdcxx-time=yes --enable-gnu-unique-object --disable-libitm --disable-libquadmath --enable-plugin --with-system-zlib --disable-browser-plugin --enable-java-awt=gtk --enable-gtk-cairo --with-java-home=/usr/lib/jvm/java-1.5.0-gcj-4.9-armhf/jre --enable-java-home --with-jvm-root-dir=/usr/lib/jvm/java-1.5.0-gcj-4.9-armhf --with-jvm-jar-dir=/usr/lib/jvm-exports/java-1.5.0-gcj-4.9-armhf --with-arch-directory=arm --with-ecj-jar=/usr/share/java/eclipse-ecj.jar --enable-objc-gc --enable-multiarch --disable-sjlj-exceptions --with-arch=armv6 --with-fpu=vfp --with-float=hard --enable-checking=release --build=arm-linux-gnueabihf --host=arm-linux-gnueabihf --target=arm-linux-gnueabihf
Thread model: posix
gcc version 4.9.2 (Raspbian 4.9.2-10+deb8u2) 
configure:2773: $? = 0
configure:2762: gcc -V >&5
gcc: error: unrecognized command line option '-V'
gcc: fatal error: no input files
compilation terminated.
configure:2773: $? = 4
configure:2762: gcc -qversion >&5
gcc: error: unrecognized command line option '-qversion'
gcc: fatal error: no input files
compilation terminated.
configure:2773: $? = 4
configure:2793: checking whether the C compiler works
configure:2815: gcc -I/home/pi/disco320/compiling/bennugd-src/sorcode/bennugd-code-r354/3rdparty/des-4.04b -DUSE_LIBDES   conftest.c  >&5
configure:2819: $? = 0
configure:2867: result: yes
configure:2870: checking for C compiler default output file name
configure:2872: result: a.out
configure:2878: checking for suffix of executables
configure:2885: gcc -o conftest -I/home/pi/disco320/compiling/bennugd-src/sorcode/bennugd-code-r354/3rdparty/des-4.04b -DUSE_LIBDES   conftest.c  >&5
configure:2889: $? = 0
configure:2911: result: 
configure:2933: checking whether we are cross compiling
configure:2941: gcc -o conftest -I/home/pi/disco320/compiling/bennugd-src/sorcode/bennugd-code-r354/3rdparty/des-4.04b -DUSE_LIBDES   conftest.c  >&5
configure:2945: $? = 0
configure:2952: ./conftest
configure:2956: $? = 0
configure:2971: result: no
configure:2976: checking for suffix of object files
configure:2998: gcc -c -I/home/pi/disco320/compiling/bennugd-src/sorcode/bennugd-code-r354/3rdparty/des-4.04b -DUSE_LIBDES  conftest.c >&5
configure:3002: $? = 0
configure:3023: result: o
configure:3027: checking whether we are using the GNU C compiler
configure:3046: gcc -c -I/home/pi/disco320/compiling/bennugd-src/sorcode/bennugd-code-r354/3rdparty/des-4.04b -DUSE_LIBDES  conftest.c >&5
configure:3046: $? = 0
configure:3055: result: yes
configure:3064: checking whether gcc accepts -g
configure:3084: gcc -c -g  conftest.c >&5
configure:3084: $? = 0
configure:3125: result: yes
configure:3142: checking for gcc option to accept ISO C89
configure:3205: gcc  -c -I/home/pi/disco320/compiling/bennugd-src/sorcode/bennugd-code-r354/3rdparty/des-4.04b -DUSE_LIBDES  conftest.c >&5
configure:3205: $? = 0
configure:3218: result: none needed
configure:3238: checking for a sed that does not truncate output
configure:3302: result: /bin/sed
configure:3320: checking for grep that handles long lines and -e
configure:3378: result: /bin/grep
configure:3383: checking for egrep
configure:3445: result: /bin/grep -E
configure:3450: checking for fgrep
configure:3512: result: /bin/grep -F
configure:3547: checking for ld used by gcc
configure:3614: result: /usr/bin/ld
configure:3621: checking if the linker (/usr/bin/ld) is GNU ld
configure:3636: result: yes
configure:3648: checking for BSD- or MS-compatible name lister (nm)
configure:3697: result: /usr/bin/nm -B
configure:3827: checking the name lister (/usr/bin/nm -B) interface
configure:3834: gcc -c -I/home/pi/disco320/compiling/bennugd-src/sorcode/bennugd-code-r354/3rdparty/des-4.04b -DUSE_LIBDES  conftest.c >&5
configure:3837: /usr/bin/nm -B "conftest.o"
configure:3840: output
00000000 B some_variable
configure:3847: result: BSD nm
configure:3850: checking whether ln -s works
configure:3854: result: yes
configure:3862: checking the maximum length of command line arguments
configure:3987: result: 1572864
configure:4004: checking whether the shell understands some XSI constructs
configure:4014: result: yes
configure:4018: checking whether the shell understands "+="
configure:4024: result: yes
configure:4059: checking how to convert armv7l-unknown-linux-gnueabihf file names to armv7l-unknown-linux-gnueabihf format
configure:4099: result: func_convert_file_noop
configure:4106: checking how to convert armv7l-unknown-linux-gnueabihf file names to toolchain format
configure:4126: result: func_convert_file_noop
configure:4133: checking for /usr/bin/ld option to reload object files
configure:4140: result: -r
configure:4214: checking for objdump
configure:4230: found /usr/bin/objdump
configure:4241: result: objdump
configure:4273: checking how to recognize dependent libraries
configure:4475: result: pass_all
configure:4560: checking for dlltool
configure:4590: result: no
configure:4620: checking how to associate runtime and link libraries
configure:4647: result: printf %s\n
configure:4708: checking for ar
configure:4724: found /usr/bin/ar
configure:4735: result: ar
configure:4772: checking for archiver @FILE support
configure:4789: gcc -c -I/home/pi/disco320/compiling/bennugd-src/sorcode/bennugd-code-r354/3rdparty/des-4.04b -DUSE_LIBDES  conftest.c >&5
configure:4789: $? = 0
configure:4792: ar cru libconftest.a @conftest.lst >&5
configure:4795: $? = 0
configure:4800: ar cru libconftest.a @conftest.lst >&5
ar: conftest.o: No such file or directory
configure:4803: $? = 1
configure:4815: result: @
configure:4873: checking for strip
configure:4889: found /usr/bin/strip
configure:4900: result: strip
configure:4972: checking for ranlib
configure:4988: found /usr/bin/ranlib
configure:4999: result: ranlib
configure:5076: checking for gawk
configure:5106: result: no
configure:5076: checking for mawk
configure:5092: found /usr/bin/mawk
configure:5103: result: mawk
configure:5143: checking command to parse /usr/bin/nm -B output from gcc object
configure:5262: gcc -c -I/home/pi/disco320/compiling/bennugd-src/sorcode/bennugd-code-r354/3rdparty/des-4.04b -DUSE_LIBDES  conftest.c >&5
configure:5265: $? = 0
configure:5269: /usr/bin/nm -B conftest.o \| sed -n -e 's/^.*[ ]\([ABCDGIRSTW][ABCDGIRSTW]*\)[ ][ ]*\([_A-Za-z][_A-Za-z0-9]*\)$/\1 \2 \2/p' | sed '/ __gnu_lto/d' \> conftest.nm
configure:5272: $? = 0
configure:5338: gcc -o conftest -I/home/pi/disco320/compiling/bennugd-src/sorcode/bennugd-code-r354/3rdparty/des-4.04b -DUSE_LIBDES   conftest.c conftstm.o >&5
configure:5341: $? = 0
configure:5379: result: ok
configure:5416: checking for sysroot
configure:5446: result: no
configure:5689: checking for mt
configure:5705: found /bin/mt
configure:5716: result: mt
configure:5739: checking if mt is a manifest tool
configure:5745: mt '-?'
configure:5753: result: no
configure:6385: checking how to run the C preprocessor
configure:6416: gcc -E  conftest.c
configure:6416: $? = 0
configure:6430: gcc -E  conftest.c
conftest.c:9:28: fatal error: ac_nonexistent.h: No such file or directory
 #include <ac_nonexistent.h>
                            ^
compilation terminated.
configure:6430: $? = 1
configure: failed program was:
| /* confdefs.h */
| #define PACKAGE_NAME "bennu"
| #define PACKAGE_TARNAME "bennu"
| #define PACKAGE_VERSION "1.0.0"
| #define PACKAGE_STRING "bennu 1.0.0"
| #define PACKAGE_BUGREPORT ""
| #define PACKAGE_URL ""
| /* end confdefs.h.  */
| #include <ac_nonexistent.h>
configure:6455: result: gcc -E
configure:6475: gcc -E  conftest.c
configure:6475: $? = 0
configure:6489: gcc -E  conftest.c
conftest.c:9:28: fatal error: ac_nonexistent.h: No such file or directory
 #include <ac_nonexistent.h>
                            ^
compilation terminated.
configure:6489: $? = 1
configure: failed program was:
| /* confdefs.h */
| #define PACKAGE_NAME "bennu"
| #define PACKAGE_TARNAME "bennu"
| #define PACKAGE_VERSION "1.0.0"
| #define PACKAGE_STRING "bennu 1.0.0"
| #define PACKAGE_BUGREPORT ""
| #define PACKAGE_URL ""
| /* end confdefs.h.  */
| #include <ac_nonexistent.h>
configure:6518: checking for ANSI C header files
configure:6538: gcc -c -I/home/pi/disco320/compiling/bennugd-src/sorcode/bennugd-code-r354/3rdparty/des-4.04b -DUSE_LIBDES  conftest.c >&5
configure:6538: $? = 0
configure:6611: gcc -o conftest -I/home/pi/disco320/compiling/bennugd-src/sorcode/bennugd-code-r354/3rdparty/des-4.04b -DUSE_LIBDES   conftest.c  >&5
configure:6611: $? = 0
configure:6611: ./conftest
configure:6611: $? = 0
configure:6622: result: yes
configure:6635: checking for sys/types.h
configure:6635: gcc -c -I/home/pi/disco320/compiling/bennugd-src/sorcode/bennugd-code-r354/3rdparty/des-4.04b -DUSE_LIBDES  conftest.c >&5
configure:6635: $? = 0
configure:6635: result: yes
configure:6635: checking for sys/stat.h
configure:6635: gcc -c -I/home/pi/disco320/compiling/bennugd-src/sorcode/bennugd-code-r354/3rdparty/des-4.04b -DUSE_LIBDES  conftest.c >&5
configure:6635: $? = 0
configure:6635: result: yes
configure:6635: checking for stdlib.h
configure:6635: gcc -c -I/home/pi/disco320/compiling/bennugd-src/sorcode/bennugd-code-r354/3rdparty/des-4.04b -DUSE_LIBDES  conftest.c >&5
configure:6635: $? = 0
configure:6635: result: yes
configure:6635: checking for string.h
configure:6635: gcc -c -I/home/pi/disco320/compiling/bennugd-src/sorcode/bennugd-code-r354/3rdparty/des-4.04b -DUSE_LIBDES  conftest.c >&5
configure:6635: $? = 0
configure:6635: result: yes
configure:6635: checking for memory.h
configure:6635: gcc -c -I/home/pi/disco320/compiling/bennugd-src/sorcode/bennugd-code-r354/3rdparty/des-4.04b -DUSE_LIBDES  conftest.c >&5
configure:6635: $? = 0
configure:6635: result: yes
configure:6635: checking for strings.h
configure:6635: gcc -c -I/home/pi/disco320/compiling/bennugd-src/sorcode/bennugd-code-r354/3rdparty/des-4.04b -DUSE_LIBDES  conftest.c >&5
configure:6635: $? = 0
configure:6635: result: yes
configure:6635: checking for inttypes.h
configure:6635: gcc -c -I/home/pi/disco320/compiling/bennugd-src/sorcode/bennugd-code-r354/3rdparty/des-4.04b -DUSE_LIBDES  conftest.c >&5
configure:6635: $? = 0
configure:6635: result: yes
configure:6635: checking for stdint.h
configure:6635: gcc -c -I/home/pi/disco320/compiling/bennugd-src/sorcode/bennugd-code-r354/3rdparty/des-4.04b -DUSE_LIBDES  conftest.c >&5
configure:6635: $? = 0
configure:6635: result: yes
configure:6635: checking for unistd.h
configure:6635: gcc -c -I/home/pi/disco320/compiling/bennugd-src/sorcode/bennugd-code-r354/3rdparty/des-4.04b -DUSE_LIBDES  conftest.c >&5
configure:6635: $? = 0
configure:6635: result: yes
configure:6649: checking for dlfcn.h
configure:6649: gcc -c -I/home/pi/disco320/compiling/bennugd-src/sorcode/bennugd-code-r354/3rdparty/des-4.04b -DUSE_LIBDES  conftest.c >&5
configure:6649: $? = 0
configure:6649: result: yes
configure:6835: checking for objdir
configure:6850: result: .libs
configure:7121: checking if gcc supports -fno-rtti -fno-exceptions
configure:7139: gcc -c -I/home/pi/disco320/compiling/bennugd-src/sorcode/bennugd-code-r354/3rdparty/des-4.04b -DUSE_LIBDES  -fno-rtti -fno-exceptions conftest.c >&5
cc1: warning: command line option '-fno-rtti' is valid for C++/ObjC++ but not for C
configure:7143: $? = 0
configure:7156: result: no
configure:7466: checking for gcc option to produce PIC
configure:7473: result: -fPIC -DPIC
configure:7481: checking if gcc PIC flag -fPIC -DPIC works
configure:7499: gcc -c -I/home/pi/disco320/compiling/bennugd-src/sorcode/bennugd-code-r354/3rdparty/des-4.04b -DUSE_LIBDES  -fPIC -DPIC -DPIC conftest.c >&5
configure:7503: $? = 0
configure:7516: result: yes
configure:7545: checking if gcc static flag -static works
configure:7573: result: yes
configure:7588: checking if gcc supports -c -o file.o
configure:7609: gcc -c -I/home/pi/disco320/compiling/bennugd-src/sorcode/bennugd-code-r354/3rdparty/des-4.04b -DUSE_LIBDES  -o out/conftest2.o conftest.c >&5
configure:7613: $? = 0
configure:7635: result: yes
configure:7643: checking if gcc supports -c -o file.o
configure:7690: result: yes
configure:7723: checking whether the gcc linker (/usr/bin/ld) supports shared libraries
configure:8881: result: yes
configure:8918: checking whether -lc should be explicitly linked in
configure:8926: gcc -c -I/home/pi/disco320/compiling/bennugd-src/sorcode/bennugd-code-r354/3rdparty/des-4.04b -DUSE_LIBDES  conftest.c >&5
configure:8929: $? = 0
configure:8944: gcc -shared  -fPIC -DPIC conftest.o  -v -Wl,-soname -Wl,conftest -o conftest 2\>\&1 \| /bin/grep  -lc  \>/dev/null 2\>\&1
configure:8947: $? = 0
configure:8961: result: no
configure:9126: checking dynamic linker characteristics
configure:9640: gcc -o conftest -I/home/pi/disco320/compiling/bennugd-src/sorcode/bennugd-code-r354/3rdparty/des-4.04b -DUSE_LIBDES   -Wl,-rpath -Wl,/foo conftest.c  >&5
configure:9640: $? = 0
configure:9862: result: GNU/Linux ld.so
configure:9969: checking how to hardcode library paths into programs
configure:9994: result: immediate
configure:10534: checking whether stripping libraries is possible
configure:10539: result: yes
configure:10574: checking if libtool supports shared libraries
configure:10576: result: yes
configure:10579: checking whether to build shared libraries
configure:10600: result: yes
configure:10603: checking whether to build static libraries
configure:10607: result: yes
configure:10696: checking for pkg-config
configure:10714: found /usr/bin/pkg-config
configure:10726: result: /usr/bin/pkg-config
configure:10751: checking pkg-config is at least version 0.9.0
configure:10754: result: yes
configure:10765: checking target system type
configure:10778: result: armv7l-unknown-linux-gnueabihf
configure:11120: checking whether to enable maintainer-specific portions of Makefiles
configure:11129: result: no
configure:11204: checking for windres
configure:11234: result: no
configure:11361: checking for a BSD-compatible install
configure:11429: result: /usr/bin/install -c
configure:11440: checking whether build environment is sane
configure:11495: result: yes
configure:11636: checking for a thread-safe mkdir -p
configure:11675: result: /bin/mkdir -p
configure:11678: checking whether make sets $(MAKE)
configure:11700: result: yes
configure:11730: checking for style of include used by make
configure:11758: result: GNU
configure:11845: checking dependency style of gcc
configure:11956: result: gcc3
configure:12021: checking for gcc
configure:12048: result: gcc
configure:12277: checking for C compiler version
configure:12286: gcc --version >&5
gcc (Raspbian 4.9.2-10+deb8u2) 4.9.2
Copyright (C) 2014 Free Software Foundation, Inc.
This is free software; see the source for copying conditions.  There is NO
warranty; not even for MERCHANTABILITY or FITNESS FOR A PARTICULAR PURPOSE.

configure:12297: $? = 0
configure:12286: gcc -v >&5
Using built-in specs.
COLLECT_GCC=gcc
COLLECT_LTO_WRAPPER=/usr/lib/gcc/arm-linux-gnueabihf/4.9/lto-wrapper
Target: arm-linux-gnueabihf
Configured with: ../src/configure -v --with-pkgversion='Raspbian 4.9.2-10+deb8u2' --with-bugurl=file:///usr/share/doc/gcc-4.9/README.Bugs --enable-languages=c,c++,java,go,d,fortran,objc,obj-c++ --prefix=/usr --program-suffix=-4.9 --enable-shared --enable-linker-build-id --libexecdir=/usr/lib --without-included-gettext --enable-threads=posix --with-gxx-include-dir=/usr/include/c++/4.9 --libdir=/usr/lib --enable-nls --with-sysroot=/ --enable-clocale=gnu --enable-libstdcxx-debug --enable-libstdcxx-time=yes --enable-gnu-unique-object --disable-libitm --disable-libquadmath --enable-plugin --with-system-zlib --disable-browser-plugin --enable-java-awt=gtk --enable-gtk-cairo --with-java-home=/usr/lib/jvm/java-1.5.0-gcj-4.9-armhf/jre --enable-java-home --with-jvm-root-dir=/usr/lib/jvm/java-1.5.0-gcj-4.9-armhf --with-jvm-jar-dir=/usr/lib/jvm-exports/java-1.5.0-gcj-4.9-armhf --with-arch-directory=arm --with-ecj-jar=/usr/share/java/eclipse-ecj.jar --enable-objc-gc --enable-multiarch --disable-sjlj-exceptions --with-arch=armv6 --with-fpu=vfp --with-float=hard --enable-checking=release --build=arm-linux-gnueabihf --host=arm-linux-gnueabihf --target=arm-linux-gnueabihf
Thread model: posix
gcc version 4.9.2 (Raspbian 4.9.2-10+deb8u2) 
configure:12297: $? = 0
configure:12286: gcc -V >&5
gcc: error: unrecognized command line option '-V'
gcc: fatal error: no input files
compilation terminated.
configure:12297: $? = 4
configure:12286: gcc -qversion >&5
gcc: error: unrecognized command line option '-qversion'
gcc: fatal error: no input files
compilation terminated.
configure:12297: $? = 4
configure:12301: checking whether we are using the GNU C compiler
configure:12329: result: yes
configure:12338: checking whether gcc accepts -g
configure:12399: result: yes
configure:12416: checking for gcc option to accept ISO C89
configure:12492: result: none needed
configure:12513: checking for fabs in -lm
configure:12538: gcc -o conftest -I/home/pi/disco320/compiling/bennugd-src/sorcode/bennugd-code-r354/3rdparty/des-4.04b -DUSE_LIBDES   conftest.c -lm   >&5
conftest.c:30:6: warning: conflicting types for built-in function 'fabs'
 char fabs ();
      ^
configure:12538: $? = 0
configure:12547: result: yes
configure:12577: checking for SDL
configure:12584: $PKG_CONFIG --exists --print-errors "sdl >= 1.2"
configure:12587: $? = 0
configure:12600: $PKG_CONFIG --exists --print-errors "sdl >= 1.2"
configure:12603: $? = 0
configure:12660: result: yes
configure:12666: checking for ZLIB
configure:12673: $PKG_CONFIG --exists --print-errors " zlib "
configure:12676: $? = 0
configure:12689: $PKG_CONFIG --exists --print-errors " zlib "
configure:12692: $? = 0
configure:12749: result: yes
configure:12755: checking for PNG
configure:12762: $PKG_CONFIG --exists --print-errors "libpng >= 1.2"
configure:12765: $? = 0
configure:12778: $PKG_CONFIG --exists --print-errors "libpng >= 1.2"
configure:12781: $? = 0
configure:12838: result: yes
configure:12844: checking for SDL_mixer
configure:12851: $PKG_CONFIG --exists --print-errors "SDL_mixer"
configure:12854: $? = 0
configure:12867: $PKG_CONFIG --exists --print-errors "SDL_mixer"
configure:12870: $? = 0
configure:12927: result: yes
configure:12988: checking for XQueryTree,XMoveWindow in -lX11
configure:13013: gcc -o conftest -I/home/pi/disco320/compiling/bennugd-src/sorcode/bennugd-code-r354/3rdparty/des-4.04b -DUSE_LIBDES -O2 -finline-functions -fno-strict-aliasing -Wall -DTARGET_LINUX -D__STATIC__    conftest.c -lX11  -lm  >&5
conftest.c: In function 'main':
conftest.c:35:18: warning: left-hand operand of comma expression has no effect [-Wunused-value]
 return XQueryTree,XMoveWindow ();
                  ^
configure:13013: $? = 0
configure:13022: result: yes
configure:13192: checking that generated files are newer than configure
configure:13198: result: done
configure:13221: creating ./config.status

## ---------------------- ##
## Running config.status. ##
## ---------------------- ##

This file was extended by bennu config.status 1.0.0, which was
generated by GNU Autoconf 2.69.  Invocation command line was

  CONFIG_FILES    = 
  CONFIG_HEADERS  = 
  CONFIG_LINKS    = 
  CONFIG_COMMANDS = 
  $ ./config.status 

on irae

config.status:1077: creating Makefile
config.status:1077: creating libgrbase/Makefile
config.status:1077: creating libvideo/Makefile
config.status:1077: creating libblit/Makefile
config.status:1077: creating librender/Makefile
config.status:1077: creating libdraw/Makefile
config.status:1077: creating libfont/Makefile
config.status:1077: creating libtext/Makefile
config.status:1077: creating libsdlhandler/Makefile
config.status:1077: creating libwm/Makefile
config.status:1077: creating libkey/Makefile
config.status:1077: creating libmouse/Makefile
config.status:1077: creating libjoy/Makefile
config.status:1077: creating libscroll/Makefile
config.status:1077: creating libbgload/Makefile
config.status:1077: creating mod_scroll/Makefile
config.status:1077: creating mod_mouse/Makefile
config.status:1077: creating mod_map/Makefile
config.status:1077: creating mod_video/Makefile
config.status:1077: creating mod_screen/Makefile
config.status:1077: creating mod_blendop/Makefile
config.status:1077: creating mod_text/Makefile
config.status:1077: creating mod_draw/Makefile
config.status:1077: creating mod_grproc/Makefile
config.status:1077: creating mod_effects/Makefile
config.status:1077: creating mod_key/Makefile
config.status:1077: creating mod_cd/Makefile
config.status:1077: creating mod_dir/Makefile
config.status:1077: creating mod_file/Makefile
config.status:1077: creating mod_crypt/Makefile
config.status:1077: creating mod_joy/Makefile
config.status:1077: creating mod_math/Makefile
config.status:1077: creating mod_mathi/Makefile
config.status:1077: creating mod_mem/Makefile
config.status:1077: creating mod_proc/Makefile
config.status:1077: creating mod_rand/Makefile
config.status:1077: creating mod_regex/Makefile
config.status:1077: creating mod_say/Makefile
config.status:1077: creating mod_sort/Makefile
config.status:1077: creating mod_sound/Makefile
config.status:1077: creating mod_string/Makefile
config.status:1077: creating mod_sys/Makefile
config.status:1077: creating mod_time/Makefile
config.status:1077: creating mod_timers/Makefile
config.status:1077: creating mod_path/Makefile
config.status:1077: creating mod_wm/Makefile
config.status:1077: creating mod_debug/Makefile
config.status:1077: creating mod_flic/Makefile
config.status:1077: creating mod_m7/Makefile
config.status:1249: executing libtool commands
config.status:1249: executing depfiles commands

## ---------------- ##
## Cache variables. ##
## ---------------- ##

ac_cv_build=armv7l-unknown-linux-gnueabihf
ac_cv_c_compiler_gnu=yes
ac_cv_env_CC_set=
ac_cv_env_CC_value=
ac_cv_env_CFLAGS_set=set
ac_cv_env_CFLAGS_value='-I/home/pi/disco320/compiling/bennugd-src/sorcode/bennugd-code-r354/3rdparty/des-4.04b -DUSE_LIBDES'
ac_cv_env_CPPFLAGS_set=
ac_cv_env_CPPFLAGS_value=
ac_cv_env_CPP_set=
ac_cv_env_CPP_value=
ac_cv_env_LDFLAGS_set=
ac_cv_env_LDFLAGS_value=
ac_cv_env_LIBS_set=
ac_cv_env_LIBS_value=
ac_cv_env_PKG_CONFIG_LIBDIR_set=
ac_cv_env_PKG_CONFIG_LIBDIR_value=
ac_cv_env_PKG_CONFIG_PATH_set=
ac_cv_env_PKG_CONFIG_PATH_value=
ac_cv_env_PKG_CONFIG_set=
ac_cv_env_PKG_CONFIG_value=
ac_cv_env_PNG_CFLAGS_set=
ac_cv_env_PNG_CFLAGS_value=
ac_cv_env_PNG_LIBS_set=
ac_cv_env_PNG_LIBS_value=
ac_cv_env_SDL_CFLAGS_set=
ac_cv_env_SDL_CFLAGS_value=
ac_cv_env_SDL_LIBS_set=
ac_cv_env_SDL_LIBS_value=
ac_cv_env_SDL_mixer_CFLAGS_set=
ac_cv_env_SDL_mixer_CFLAGS_value=
ac_cv_env_SDL_mixer_LIBS_set=
ac_cv_env_SDL_mixer_LIBS_value=
ac_cv_env_ZLIB_CFLAGS_set=
ac_cv_env_ZLIB_CFLAGS_value=
ac_cv_env_ZLIB_LIBS_set=
ac_cv_env_ZLIB_LIBS_value=
ac_cv_env_build_alias_set=
ac_cv_env_build_alias_value=
ac_cv_env_host_alias_set=
ac_cv_env_host_alias_value=
ac_cv_env_target_alias_set=
ac_cv_env_target_alias_value=
ac_cv_header_dlfcn_h=yes
ac_cv_header_inttypes_h=yes
ac_cv_header_memory_h=yes
ac_cv_header_stdc=yes
ac_cv_header_stdint_h=yes
ac_cv_header_stdlib_h=yes
ac_cv_header_string_h=yes
ac_cv_header_strings_h=yes
ac_cv_header_sys_stat_h=yes
ac_cv_header_sys_types_h=yes
ac_cv_header_unistd_h=yes
ac_cv_host=armv7l-unknown-linux-gnueabihf
ac_cv_lib_X11_XQueryTree_XMoveWindow=yes
ac_cv_lib_m_fabs=yes
ac_cv_objext=o
ac_cv_path_EGREP='/bin/grep -E'
ac_cv_path_FGREP='/bin/grep -F'
ac_cv_path_GREP=/bin/grep
ac_cv_path_SED=/bin/sed
ac_cv_path_ac_pt_PKG_CONFIG=/usr/bin/pkg-config
ac_cv_path_install='/usr/bin/install -c'
ac_cv_path_mkdir=/bin/mkdir
ac_cv_prog_AWK=mawk
ac_cv_prog_CPP='gcc -E'
ac_cv_prog_ac_ct_AR=ar
ac_cv_prog_ac_ct_CC=gcc
ac_cv_prog_ac_ct_MANIFEST_TOOL=mt
ac_cv_prog_ac_ct_OBJDUMP=objdump
ac_cv_prog_ac_ct_RANLIB=ranlib
ac_cv_prog_ac_ct_STRIP=strip
ac_cv_prog_cc_c89=
ac_cv_prog_cc_g=yes
ac_cv_prog_make_make_set=yes
ac_cv_target=armv7l-unknown-linux-gnueabihf
am_cv_CC_dependencies_compiler_type=gcc3
lt_cv_ar_at_file=@
lt_cv_archive_cmds_need_lc=no
lt_cv_deplibs_check_method=pass_all
lt_cv_file_magic_cmd='$MAGIC_CMD'
lt_cv_file_magic_test_file=
lt_cv_ld_reload_flag=-r
lt_cv_nm_interface='BSD nm'
lt_cv_objdir=.libs
lt_cv_path_LD=/usr/bin/ld
lt_cv_path_NM='/usr/bin/nm -B'
lt_cv_path_mainfest_tool=no
lt_cv_prog_compiler_c_o=yes
lt_cv_prog_compiler_pic='-fPIC -DPIC'
lt_cv_prog_compiler_pic_works=yes
lt_cv_prog_compiler_rtti_exceptions=no
lt_cv_prog_compiler_static_works=yes
lt_cv_prog_gnu_ld=yes
lt_cv_sharedlib_from_linklib_cmd='printf %s\n'
lt_cv_shlibpath_overrides_runpath=no
lt_cv_sys_global_symbol_pipe='sed -n -e '\''s/^.*[	 ]\([ABCDGIRSTW][ABCDGIRSTW]*\)[	 ][	 ]*\([_A-Za-z][_A-Za-z0-9]*\)$/\1 \2 \2/p'\'' | sed '\''/ __gnu_lto/d'\'''
lt_cv_sys_global_symbol_to_c_name_address='sed -n -e '\''s/^: \([^ ]*\)[ ]*$/  {\"\1\", (void *) 0},/p'\'' -e '\''s/^[ABCDGIRSTW]* \([^ ]*\) \([^ ]*\)$/  {"\2", (void *) \&\2},/p'\'''
lt_cv_sys_global_symbol_to_c_name_address_lib_prefix='sed -n -e '\''s/^: \([^ ]*\)[ ]*$/  {\"\1\", (void *) 0},/p'\'' -e '\''s/^[ABCDGIRSTW]* \([^ ]*\) \(lib[^ ]*\)$/  {"\2", (void *) \&\2},/p'\'' -e '\''s/^[ABCDGIRSTW]* \([^ ]*\) \([^ ]*\)$/  {"lib\2", (void *) \&\2},/p'\'''
lt_cv_sys_global_symbol_to_cdecl='sed -n -e '\''s/^T .* \(.*\)$/extern int \1();/p'\'' -e '\''s/^[ABCDGIRSTW]* .* \(.*\)$/extern char \1;/p'\'''
lt_cv_sys_max_cmd_len=1572864
lt_cv_to_host_file_cmd=func_convert_file_noop
lt_cv_to_tool_file_cmd=func_convert_file_noop
pkg_cv_PNG_CFLAGS='-I/usr/include/libpng12 '
pkg_cv_PNG_LIBS='-lpng12 '
pkg_cv_SDL_CFLAGS='-D_GNU_SOURCE=1 -D_REENTRANT -I/usr/include/SDL '
pkg_cv_SDL_LIBS='-lSDL '
pkg_cv_SDL_mixer_CFLAGS='-D_GNU_SOURCE=1 -D_REENTRANT -I/usr/include/SDL '
pkg_cv_SDL_mixer_LIBS='-lSDL_mixer -lSDL '
pkg_cv_ZLIB_CFLAGS=
pkg_cv_ZLIB_LIBS='-L/usr/lib/arm-linux-gnueabihf -lz '

## ----------------- ##
## Output variables. ##
## ----------------- ##

ACLOCAL='${SHELL} /home/pi/disco320/compiling/bennugd-src/sorcode/bennugd-code-r354/modules/missing --run aclocal-1.12'
AMDEPBACKSLASH='\'
AMDEP_FALSE='#'
AMDEP_TRUE=''
AMTAR='$${TAR-tar}'
AR='ar'
AS='as'
AUTOCONF='${SHELL} /home/pi/disco320/compiling/bennugd-src/sorcode/bennugd-code-r354/modules/missing --run autoconf'
AUTOHEADER='${SHELL} /home/pi/disco320/compiling/bennugd-src/sorcode/bennugd-code-r354/modules/missing --run autoheader'
AUTOMAKE='${SHELL} /home/pi/disco320/compiling/bennugd-src/sorcode/bennugd-code-r354/modules/missing --run automake-1.12'
AWK='mawk'
BGD_PATH='/home/pi/disco320/compiling/bennugd-src/sorcode/bennugd-code-r354/modules/../core'
CC='gcc'
CCDEPMODE='depmode=gcc3'
CFLAGS='-I/home/pi/disco320/compiling/bennugd-src/sorcode/bennugd-code-r354/3rdparty/des-4.04b -DUSE_LIBDES -O2 -finline-functions -fno-strict-aliasing -Wall -DTARGET_LINUX -D__STATIC__ '
COMMON_CFLAGS='-Wall -DTARGET_LINUX'
COMMON_LDFLAGS=' -lc -ldl'
CPP='gcc -E'
CPPFLAGS=''
CYGPATH_W='echo'
DEFS='-DPACKAGE_NAME=\"bennu\" -DPACKAGE_TARNAME=\"bennu\" -DPACKAGE_VERSION=\"1.0.0\" -DPACKAGE_STRING=\"bennu\ 1.0.0\" -DPACKAGE_BUGREPORT=\"\" -DPACKAGE_URL=\"\" -DSTDC_HEADERS=1 -DHAVE_SYS_TYPES_H=1 -DHAVE_SYS_STAT_H=1 -DHAVE_STDLIB_H=1 -DHAVE_STRING_H=1 -DHAVE_MEMORY_H=1 -DHAVE_STRINGS_H=1 -DHAVE_INTTYPES_H=1 -DHAVE_STDINT_H=1 -DHAVE_UNISTD_H=1 -DHAVE_DLFCN_H=1 -DLT_OBJDIR=\".libs/\" -DPACKAGE=\"bennu\" -DVERSION=\"1.0.0\" -DHAVE_LIBM=1'
DEPDIR='.deps'
DESLIBS=''
DLLTOOL='false'
DSYMUTIL=''
DUMPBIN=''
ECHO_C=''
ECHO_N='-n'
ECHO_T=''
EGREP='/bin/grep -E'
EXEEXT=''
FGREP='/bin/grep -F'
GREP='/bin/grep'
HAVE_WINDRES_FALSE=''
HAVE_WINDRES_TRUE='#'
INSTALL_DATA='${INSTALL} -m 644'
INSTALL_PROGRAM='${INSTALL}'
INSTALL_SCRIPT='${INSTALL}'
INSTALL_STRIP_PROGRAM='$(install_sh) -c -s'
LD='/usr/bin/ld'
LDFLAGS=''
LIBOBJS=''
LIBS='-lm '
LIBTOOL='$(SHELL) $(top_builddir)/libtool'
LIPO=''
LN_S='ln -s'
LTLIBOBJS=''
MAINT='#'
MAINTAINER_MODE_FALSE=''
MAINTAINER_MODE_TRUE='#'
MAKEINFO='${SHELL} /home/pi/disco320/compiling/bennugd-src/sorcode/bennugd-code-r354/modules/missing --run makeinfo'
MANIFEST_TOOL=':'
MKDIR_P='/bin/mkdir -p'
NM='/usr/bin/nm -B'
NMEDIT=''
OBJDUMP='objdump'
OBJEXT='o'
OTOOL64=''
OTOOL=''
PACKAGE='bennu'
PACKAGE_BUGREPORT=''
PACKAGE_NAME='bennu'
PACKAGE_STRING='bennu 1.0.0'
PACKAGE_TARNAME='bennu'
PACKAGE_URL=''
PACKAGE_VERSION='1.0.0'
PATH_SEPARATOR=':'
PKG_CONFIG='/usr/bin/pkg-config'
PKG_CONFIG_LIBDIR=''
PKG_CONFIG_PATH=''
PNGLIBS=''
PNG_CFLAGS='-I/usr/include/libpng12 '
PNG_LIBS='-lpng12 '
RANLIB='ranlib'
SDL_CFLAGS='-D_GNU_SOURCE=1 -D_REENTRANT -I/usr/include/SDL '
SDL_LIBS='-lSDL '
SDL_mixer_CFLAGS='-D_GNU_SOURCE=1 -D_REENTRANT -I/usr/include/SDL '
SDL_mixer_LIBS='-lSDL_mixer -lSDL '
SED='/bin/sed'
SET_MAKE=''
SHELL='/bin/sh'
STRIP='strip'
VERSION='1.0.0'
WINDRES=''
X11LIBS='-lX11'
ZLIBS=''
ZLIB_CFLAGS=''
ZLIB_LIBS='-L/usr/lib/arm-linux-gnueabihf -lz '
ac_ct_AR='ar'
ac_ct_CC='gcc'
ac_ct_DUMPBIN=''
am__EXEEXT_FALSE=''
am__EXEEXT_TRUE='#'
am__fastdepCC_FALSE='#'
am__fastdepCC_TRUE=''
am__include='include'
am__isrc=''
am__leading_dot='.'
am__nodep='_no'
am__quote=''
am__tar='$${TAR-tar} chof - "$$tardir"'
am__untar='$${TAR-tar} xf -'
bindir='${exec_prefix}/bin'
build='armv7l-unknown-linux-gnueabihf'
build_alias=''
build_cpu='armv7l'
build_os='linux-gnueabihf'
build_vendor='unknown'
datadir='${datarootdir}'
datarootdir='${prefix}/share'
docdir='${datarootdir}/doc/${PACKAGE_TARNAME}'
dvidir='${docdir}'
exec_prefix='${prefix}'
host='armv7l-unknown-linux-gnueabihf'
host_alias=''
host_cpu='armv7l'
host_os='linux-gnueabihf'
host_vendor='unknown'
htmldir='${docdir}'
includedir='${prefix}/include'
infodir='${datarootdir}/info'
install_sh='${SHELL} /home/pi/disco320/compiling/bennugd-src/sorcode/bennugd-code-r354/modules/install-sh'
libdir='${exec_prefix}/lib'
libexecdir='${exec_prefix}/libexec'
localedir='${datarootdir}/locale'
localstatedir='${prefix}/var'
mandir='${datarootdir}/man'
mkdir_p='/bin/mkdir -p'
oldincludedir='/usr/include'
pdfdir='${docdir}'
prefix='/usr/local'
program_transform_name='s,x,x,'
psdir='${docdir}'
sbindir='${exec_prefix}/sbin'
sharedstatedir='${prefix}/com'
sysconfdir='${prefix}/etc'
target='armv7l-unknown-linux-gnueabihf'
target_alias=''
target_cpu='armv7l'
target_os='linux-gnueabihf'
target_vendor='unknown'

## ----------- ##
## confdefs.h. ##
## ----------- ##

/* confdefs.h */
#define PACKAGE_NAME "bennu"
#define PACKAGE_TARNAME "bennu"
#define PACKAGE_VERSION "1.0.0"
#define PACKAGE_STRING "bennu 1.0.0"
#define PACKAGE_BUGREPORT ""
#define PACKAGE_URL ""
#define STDC_HEADERS 1
#define HAVE_SYS_TYPES_H 1
#define HAVE_SYS_STAT_H 1
#define HAVE_STDLIB_H 1
#define HAVE_STRING_H 1
#define HAVE_MEMORY_H 1
#define HAVE_STRINGS_H 1
#define HAVE_INTTYPES_H 1
#define HAVE_STDINT_H 1
#define HAVE_UNISTD_H 1
#define HAVE_DLFCN_H 1
#define LT_OBJDIR ".libs/"
#define PACKAGE "bennu"
#define VERSION "1.0.0"
#define HAVE_LIBM 1

configure: exit 0
