This file contains any messages produced by compilers while
running configure, to aid debugging if configure makes a mistake.

It was created by moddesc configure 1.0, which was
generated by GNU Autoconf 2.68.  Invocation command line was

  $ ./configure 

## --------- ##
## Platform. ##
## --------- ##

hostname = irae
uname -m = armv7l
uname -r = 4.1.19-v7+
uname -s = Linux
uname -v = #858 SMP Tue Mar 15 15:56:00 GMT 2016

/usr/bin/uname -p = unknown
/bin/uname -X     = unknown

/bin/arch              = unknown
/usr/bin/arch -k       = unknown
/usr/convex/getsysinfo = unknown
/usr/bin/hostinfo      = unknown
/bin/machine           = unknown
/usr/bin/oslevel       = unknown
/bin/universe          = unknown

PATH: /usr/local/sbin
PATH: /usr/local/bin
PATH: /usr/sbin
PATH: /usr/bin
PATH: /sbin
PATH: /bin


## ----------- ##
## Core tests. ##
## ----------- ##

configure:2250: checking for pkg-config
configure:2268: found /usr/bin/pkg-config
configure:2280: result: /usr/bin/pkg-config
configure:2305: checking pkg-config is at least version 0.9.0
configure:2308: result: yes
configure:2352: checking build system type
configure:2366: result: armv7l-unknown-linux-gnueabi
configure:2386: checking host system type
configure:2399: result: armv7l-unknown-linux-gnueabi
configure:2419: checking target system type
configure:2432: result: armv7l-unknown-linux-gnueabi
configure:2476: checking for a BSD-compatible install
configure:2544: result: /usr/bin/install -c
configure:2555: checking whether build environment is sane
configure:2605: result: yes
configure:2746: checking for a thread-safe mkdir -p
configure:2785: result: /bin/mkdir -p
configure:2798: checking for gawk
configure:2828: result: no
configure:2798: checking for mawk
configure:2814: found /usr/bin/mawk
configure:2825: result: mawk
configure:2836: checking whether make sets $(MAKE)
configure:2858: result: yes
configure:2988: checking for gcc
configure:3004: found /usr/bin/gcc
configure:3015: result: gcc
configure:3244: checking for C compiler version
configure:3253: gcc --version >&5
gcc (Raspbian 4.9.2-10+deb8u2) 4.9.2
Copyright (C) 2014 Free Software Foundation, Inc.
This is free software; see the source for copying conditions.  There is NO
warranty; not even for MERCHANTABILITY or FITNESS FOR A PARTICULAR PURPOSE.

configure:3264: $? = 0
configure:3253: gcc -v >&5
Using built-in specs.
COLLECT_GCC=gcc
COLLECT_LTO_WRAPPER=/usr/lib/gcc/arm-linux-gnueabihf/4.9/lto-wrapper
Target: arm-linux-gnueabihf
Configured with: ../src/configure -v --with-pkgversion='Raspbian 4.9.2-10+deb8u2' --with-bugurl=file:///usr/share/doc/gcc-4.9/README.Bugs --enable-languages=c,c++,java,go,d,fortran,objc,obj-c++ --prefix=/usr --program-suffix=-4.9 --enable-shared --enable-linker-build-id --libexecdir=/usr/lib --without-included-gettext --enable-threads=posix --with-gxx-include-dir=/usr/include/c++/4.9 --libdir=/usr/lib --enable-nls --with-sysroot=/ --enable-clocale=gnu --enable-libstdcxx-debug --enable-libstdcxx-time=yes --enable-gnu-unique-object --disable-libitm --disable-libquadmath --enable-plugin --with-system-zlib --disable-browser-plugin --enable-java-awt=gtk --enable-gtk-cairo --with-java-home=/usr/lib/jvm/java-1.5.0-gcj-4.9-armhf/jre --enable-java-home --with-jvm-root-dir=/usr/lib/jvm/java-1.5.0-gcj-4.9-armhf --with-jvm-jar-dir=/usr/lib/jvm-exports/java-1.5.0-gcj-4.9-armhf --with-arch-directory=arm --with-ecj-jar=/usr/share/java/eclipse-ecj.jar --enable-objc-gc --enable-multiarch --disable-sjlj-exceptions --with-arch=armv6 --with-fpu=vfp --with-float=hard --enable-checking=release --build=arm-linux-gnueabihf --host=arm-linux-gnueabihf --target=arm-linux-gnueabihf
Thread model: posix
gcc version 4.9.2 (Raspbian 4.9.2-10+deb8u2) 
configure:3264: $? = 0
configure:3253: gcc -V >&5
gcc: error: unrecognized command line option '-V'
gcc: fatal error: no input files
compilation terminated.
configure:3264: $? = 4
configure:3253: gcc -qversion >&5
gcc: error: unrecognized command line option '-qversion'
gcc: fatal error: no input files
compilation terminated.
configure:3264: $? = 4
configure:3284: checking whether the C compiler works
configure:3306: gcc    conftest.c  >&5
configure:3310: $? = 0
configure:3358: result: yes
configure:3361: checking for C compiler default output file name
configure:3363: result: a.out
configure:3369: checking for suffix of executables
configure:3376: gcc -o conftest    conftest.c  >&5
configure:3380: $? = 0
configure:3402: result: 
configure:3424: checking whether we are cross compiling
configure:3432: gcc -o conftest    conftest.c  >&5
configure:3436: $? = 0
configure:3443: ./conftest
configure:3447: $? = 0
configure:3462: result: no
configure:3467: checking for suffix of object files
configure:3489: gcc -c   conftest.c >&5
configure:3493: $? = 0
configure:3514: result: o
configure:3518: checking whether we are using the GNU C compiler
configure:3537: gcc -c   conftest.c >&5
configure:3537: $? = 0
configure:3546: result: yes
configure:3555: checking whether gcc accepts -g
configure:3575: gcc -c -g  conftest.c >&5
configure:3575: $? = 0
configure:3616: result: yes
configure:3633: checking for gcc option to accept ISO C89
configure:3697: gcc  -c -g -O2  conftest.c >&5
configure:3697: $? = 0
configure:3710: result: none needed
configure:3741: checking for style of include used by make
configure:3769: result: GNU
configure:3794: checking dependency style of gcc
configure:3904: result: gcc3
configure:3919: checking whether make sets $(MAKE)
configure:3941: result: yes
configure:3988: checking whether gcc and cc understand -c and -o together
configure:4019: gcc -c conftest.c -o conftest2.o >&5
configure:4023: $? = 0
configure:4029: gcc -c conftest.c -o conftest2.o >&5
configure:4033: $? = 0
configure:4044: cc -c conftest.c >&5
configure:4048: $? = 0
configure:4056: cc -c conftest.c -o conftest2.o >&5
configure:4060: $? = 0
configure:4066: cc -c conftest.c -o conftest2.o >&5
configure:4070: $? = 0
configure:4088: result: yes
configure:4115: checking whether to enable maintainer-specific portions of Makefiles
configure:4124: result: no
configure:4184: checking how to print strings
configure:4211: result: printf
configure:4232: checking for a sed that does not truncate output
configure:4296: result: /bin/sed
configure:4314: checking for grep that handles long lines and -e
configure:4372: result: /bin/grep
configure:4377: checking for egrep
configure:4439: result: /bin/grep -E
configure:4444: checking for fgrep
configure:4506: result: /bin/grep -F
configure:4541: checking for ld used by gcc
configure:4608: result: /usr/bin/ld
configure:4615: checking if the linker (/usr/bin/ld) is GNU ld
configure:4630: result: yes
configure:4642: checking for BSD- or MS-compatible name lister (nm)
configure:4691: result: /usr/bin/nm -B
configure:4821: checking the name lister (/usr/bin/nm -B) interface
configure:4828: gcc -c -g -O2  conftest.c >&5
configure:4831: /usr/bin/nm -B "conftest.o"
configure:4834: output
00000000 B some_variable
configure:4841: result: BSD nm
configure:4844: checking whether ln -s works
configure:4848: result: yes
configure:4856: checking the maximum length of command line arguments
configure:4981: result: 1572864
configure:4998: checking whether the shell understands some XSI constructs
configure:5008: result: yes
configure:5012: checking whether the shell understands "+="
configure:5018: result: yes
configure:5053: checking how to convert armv7l-unknown-linux-gnueabi file names to armv7l-unknown-linux-gnueabi format
configure:5093: result: func_convert_file_noop
configure:5100: checking how to convert armv7l-unknown-linux-gnueabi file names to toolchain format
configure:5120: result: func_convert_file_noop
configure:5127: checking for /usr/bin/ld option to reload object files
configure:5134: result: -r
configure:5208: checking for objdump
configure:5224: found /usr/bin/objdump
configure:5235: result: objdump
configure:5267: checking how to recognize dependent libraries
configure:5469: result: pass_all
configure:5554: checking for dlltool
configure:5584: result: no
configure:5614: checking how to associate runtime and link libraries
configure:5641: result: printf %s\n
configure:5702: checking for ar
configure:5718: found /usr/bin/ar
configure:5729: result: ar
configure:5766: checking for archiver @FILE support
configure:5783: gcc -c -g -O2  conftest.c >&5
configure:5783: $? = 0
configure:5786: ar cru libconftest.a @conftest.lst >&5
configure:5789: $? = 0
configure:5794: ar cru libconftest.a @conftest.lst >&5
ar: conftest.o: No such file or directory
configure:5797: $? = 1
configure:5809: result: @
configure:5867: checking for strip
configure:5883: found /usr/bin/strip
configure:5894: result: strip
configure:5966: checking for ranlib
configure:5982: found /usr/bin/ranlib
configure:5993: result: ranlib
configure:6095: checking command to parse /usr/bin/nm -B output from gcc object
configure:6214: gcc -c -g -O2  conftest.c >&5
configure:6217: $? = 0
configure:6221: /usr/bin/nm -B conftest.o \| sed -n -e 's/^.*[ ]\([ABCDGIRSTW][ABCDGIRSTW]*\)[ ][ ]*\([_A-Za-z][_A-Za-z0-9]*\)$/\1 \2 \2/p' | sed '/ __gnu_lto/d' \> conftest.nm
configure:6224: $? = 0
configure:6290: gcc -o conftest -g -O2   conftest.c conftstm.o >&5
configure:6293: $? = 0
configure:6331: result: ok
configure:6368: checking for sysroot
configure:6398: result: no
configure:6641: checking for mt
configure:6657: found /bin/mt
configure:6668: result: mt
configure:6691: checking if mt is a manifest tool
configure:6697: mt '-?'
configure:6705: result: no
configure:7337: checking how to run the C preprocessor
configure:7368: gcc -E  conftest.c
configure:7368: $? = 0
configure:7382: gcc -E  conftest.c
conftest.c:11:28: fatal error: ac_nonexistent.h: No such file or directory
 #include <ac_nonexistent.h>
                            ^
compilation terminated.
configure:7382: $? = 1
configure: failed program was:
| /* confdefs.h */
| #define PACKAGE_NAME "moddesc"
| #define PACKAGE_TARNAME "moddesc"
| #define PACKAGE_VERSION "1.0"
| #define PACKAGE_STRING "moddesc 1.0"
| #define PACKAGE_BUGREPORT ""
| #define PACKAGE_URL ""
| #define PACKAGE "moddesc"
| #define VERSION "1.0"
| /* end confdefs.h.  */
| #include <ac_nonexistent.h>
configure:7407: result: gcc -E
configure:7427: gcc -E  conftest.c
configure:7427: $? = 0
configure:7441: gcc -E  conftest.c
conftest.c:11:28: fatal error: ac_nonexistent.h: No such file or directory
 #include <ac_nonexistent.h>
                            ^
compilation terminated.
configure:7441: $? = 1
configure: failed program was:
| /* confdefs.h */
| #define PACKAGE_NAME "moddesc"
| #define PACKAGE_TARNAME "moddesc"
| #define PACKAGE_VERSION "1.0"
| #define PACKAGE_STRING "moddesc 1.0"
| #define PACKAGE_BUGREPORT ""
| #define PACKAGE_URL ""
| #define PACKAGE "moddesc"
| #define VERSION "1.0"
| /* end confdefs.h.  */
| #include <ac_nonexistent.h>
configure:7470: checking for ANSI C header files
configure:7490: gcc -c -g -O2  conftest.c >&5
configure:7490: $? = 0
configure:7563: gcc -o conftest -g -O2   conftest.c  >&5
configure:7563: $? = 0
configure:7563: ./conftest
configure:7563: $? = 0
configure:7574: result: yes
configure:7587: checking for sys/types.h
configure:7587: gcc -c -g -O2  conftest.c >&5
configure:7587: $? = 0
configure:7587: result: yes
configure:7587: checking for sys/stat.h
configure:7587: gcc -c -g -O2  conftest.c >&5
configure:7587: $? = 0
configure:7587: result: yes
configure:7587: checking for stdlib.h
configure:7587: gcc -c -g -O2  conftest.c >&5
configure:7587: $? = 0
configure:7587: result: yes
configure:7587: checking for string.h
configure:7587: gcc -c -g -O2  conftest.c >&5
configure:7587: $? = 0
configure:7587: result: yes
configure:7587: checking for memory.h
configure:7587: gcc -c -g -O2  conftest.c >&5
configure:7587: $? = 0
configure:7587: result: yes
configure:7587: checking for strings.h
configure:7587: gcc -c -g -O2  conftest.c >&5
configure:7587: $? = 0
configure:7587: result: yes
configure:7587: checking for inttypes.h
configure:7587: gcc -c -g -O2  conftest.c >&5
configure:7587: $? = 0
configure:7587: result: yes
configure:7587: checking for stdint.h
configure:7587: gcc -c -g -O2  conftest.c >&5
configure:7587: $? = 0
configure:7587: result: yes
configure:7587: checking for unistd.h
configure:7587: gcc -c -g -O2  conftest.c >&5
configure:7587: $? = 0
configure:7587: result: yes
configure:7601: checking for dlfcn.h
configure:7601: gcc -c -g -O2  conftest.c >&5
configure:7601: $? = 0
configure:7601: result: yes
configure:7756: checking for objdir
configure:7771: result: .libs
configure:8042: checking if gcc supports -fno-rtti -fno-exceptions
configure:8060: gcc -c -g -O2  -fno-rtti -fno-exceptions conftest.c >&5
cc1: warning: command line option '-fno-rtti' is valid for C++/ObjC++ but not for C
configure:8064: $? = 0
configure:8077: result: no
configure:8387: checking for gcc option to produce PIC
configure:8394: result: -fPIC -DPIC
configure:8402: checking if gcc PIC flag -fPIC -DPIC works
configure:8420: gcc -c -g -O2  -fPIC -DPIC -DPIC conftest.c >&5
configure:8424: $? = 0
configure:8437: result: yes
configure:8466: checking if gcc static flag -static works
configure:8494: result: yes
configure:8509: checking if gcc supports -c -o file.o
configure:8530: gcc -c -g -O2  -o out/conftest2.o conftest.c >&5
configure:8534: $? = 0
configure:8556: result: yes
configure:8564: checking if gcc supports -c -o file.o
configure:8611: result: yes
configure:8644: checking whether the gcc linker (/usr/bin/ld) supports shared libraries
configure:9802: result: yes
configure:9839: checking whether -lc should be explicitly linked in
configure:9847: gcc -c -g -O2  conftest.c >&5
configure:9850: $? = 0
configure:9865: gcc -shared  -fPIC -DPIC conftest.o  -v -Wl,-soname -Wl,conftest -o conftest 2\>\&1 \| /bin/grep  -lc  \>/dev/null 2\>\&1
configure:9868: $? = 0
configure:9882: result: no
configure:10047: checking dynamic linker characteristics
configure:10561: gcc -o conftest -g -O2   -Wl,-rpath -Wl,/foo conftest.c  >&5
configure:10561: $? = 0
configure:10783: result: GNU/Linux ld.so
configure:10890: checking how to hardcode library paths into programs
configure:10915: result: immediate
configure:11009: checking for shl_load
configure:11009: gcc -o conftest -g -O2   conftest.c  >&5
/tmp/ccc1wozh.o: In function `main':
/home/pi/disco320/compiling/bennugd-src/sorcode/bennugd-code-r354/tools/moddesc/conftest.c:57: undefined reference to `shl_load'
collect2: error: ld returned 1 exit status
configure:11009: $? = 1
configure: failed program was:
| /* confdefs.h */
| #define PACKAGE_NAME "moddesc"
| #define PACKAGE_TARNAME "moddesc"
| #define PACKAGE_VERSION "1.0"
| #define PACKAGE_STRING "moddesc 1.0"
| #define PACKAGE_BUGREPORT ""
| #define PACKAGE_URL ""
| #define PACKAGE "moddesc"
| #define VERSION "1.0"
| #define STDC_HEADERS 1
| #define HAVE_SYS_TYPES_H 1
| #define HAVE_SYS_STAT_H 1
| #define HAVE_STDLIB_H 1
| #define HAVE_STRING_H 1
| #define HAVE_MEMORY_H 1
| #define HAVE_STRINGS_H 1
| #define HAVE_INTTYPES_H 1
| #define HAVE_STDINT_H 1
| #define HAVE_UNISTD_H 1
| #define HAVE_DLFCN_H 1
| #define LT_OBJDIR ".libs/"
| /* end confdefs.h.  */
| /* Define shl_load to an innocuous variant, in case <limits.h> declares shl_load.
|    For example, HP-UX 11i <limits.h> declares gettimeofday.  */
| #define shl_load innocuous_shl_load
| 
| /* System header to define __stub macros and hopefully few prototypes,
|     which can conflict with char shl_load (); below.
|     Prefer <limits.h> to <assert.h> if __STDC__ is defined, since
|     <limits.h> exists even on freestanding compilers.  */
| 
| #ifdef __STDC__
| # include <limits.h>
| #else
| # include <assert.h>
| #endif
| 
| #undef shl_load
| 
| /* Override any GCC internal prototype to avoid an error.
|    Use char because int might match the return type of a GCC
|    builtin and then its argument prototype would still apply.  */
| #ifdef __cplusplus
| extern "C"
| #endif
| char shl_load ();
| /* The GNU C library defines this for functions which it implements
|     to always fail with ENOSYS.  Some functions are actually named
|     something starting with __ and the normal name is an alias.  */
| #if defined __stub_shl_load || defined __stub___shl_load
| choke me
| #endif
| 
| int
| main ()
| {
| return shl_load ();
|   ;
|   return 0;
| }
configure:11009: result: no
configure:11013: checking for shl_load in -ldld
configure:11038: gcc -o conftest -g -O2   conftest.c -ldld   >&5
/usr/bin/ld: cannot find -ldld
collect2: error: ld returned 1 exit status
configure:11038: $? = 1
configure: failed program was:
| /* confdefs.h */
| #define PACKAGE_NAME "moddesc"
| #define PACKAGE_TARNAME "moddesc"
| #define PACKAGE_VERSION "1.0"
| #define PACKAGE_STRING "moddesc 1.0"
| #define PACKAGE_BUGREPORT ""
| #define PACKAGE_URL ""
| #define PACKAGE "moddesc"
| #define VERSION "1.0"
| #define STDC_HEADERS 1
| #define HAVE_SYS_TYPES_H 1
| #define HAVE_SYS_STAT_H 1
| #define HAVE_STDLIB_H 1
| #define HAVE_STRING_H 1
| #define HAVE_MEMORY_H 1
| #define HAVE_STRINGS_H 1
| #define HAVE_INTTYPES_H 1
| #define HAVE_STDINT_H 1
| #define HAVE_UNISTD_H 1
| #define HAVE_DLFCN_H 1
| #define LT_OBJDIR ".libs/"
| /* end confdefs.h.  */
| 
| /* Override any GCC internal prototype to avoid an error.
|    Use char because int might match the return type of a GCC
|    builtin and then its argument prototype would still apply.  */
| #ifdef __cplusplus
| extern "C"
| #endif
| char shl_load ();
| int
| main ()
| {
| return shl_load ();
|   ;
|   return 0;
| }
configure:11047: result: no
configure:11052: checking for dlopen
configure:11052: gcc -o conftest -g -O2   conftest.c  >&5
/tmp/ccisbyIF.o: In function `main':
/home/pi/disco320/compiling/bennugd-src/sorcode/bennugd-code-r354/tools/moddesc/conftest.c:57: undefined reference to `dlopen'
collect2: error: ld returned 1 exit status
configure:11052: $? = 1
configure: failed program was:
| /* confdefs.h */
| #define PACKAGE_NAME "moddesc"
| #define PACKAGE_TARNAME "moddesc"
| #define PACKAGE_VERSION "1.0"
| #define PACKAGE_STRING "moddesc 1.0"
| #define PACKAGE_BUGREPORT ""
| #define PACKAGE_URL ""
| #define PACKAGE "moddesc"
| #define VERSION "1.0"
| #define STDC_HEADERS 1
| #define HAVE_SYS_TYPES_H 1
| #define HAVE_SYS_STAT_H 1
| #define HAVE_STDLIB_H 1
| #define HAVE_STRING_H 1
| #define HAVE_MEMORY_H 1
| #define HAVE_STRINGS_H 1
| #define HAVE_INTTYPES_H 1
| #define HAVE_STDINT_H 1
| #define HAVE_UNISTD_H 1
| #define HAVE_DLFCN_H 1
| #define LT_OBJDIR ".libs/"
| /* end confdefs.h.  */
| /* Define dlopen to an innocuous variant, in case <limits.h> declares dlopen.
|    For example, HP-UX 11i <limits.h> declares gettimeofday.  */
| #define dlopen innocuous_dlopen
| 
| /* System header to define __stub macros and hopefully few prototypes,
|     which can conflict with char dlopen (); below.
|     Prefer <limits.h> to <assert.h> if __STDC__ is defined, since
|     <limits.h> exists even on freestanding compilers.  */
| 
| #ifdef __STDC__
| # include <limits.h>
| #else
| # include <assert.h>
| #endif
| 
| #undef dlopen
| 
| /* Override any GCC internal prototype to avoid an error.
|    Use char because int might match the return type of a GCC
|    builtin and then its argument prototype would still apply.  */
| #ifdef __cplusplus
| extern "C"
| #endif
| char dlopen ();
| /* The GNU C library defines this for functions which it implements
|     to always fail with ENOSYS.  Some functions are actually named
|     something starting with __ and the normal name is an alias.  */
| #if defined __stub_dlopen || defined __stub___dlopen
| choke me
| #endif
| 
| int
| main ()
| {
| return dlopen ();
|   ;
|   return 0;
| }
configure:11052: result: no
configure:11056: checking for dlopen in -ldl
configure:11081: gcc -o conftest -g -O2   conftest.c -ldl   >&5
configure:11081: $? = 0
configure:11090: result: yes
configure:11209: checking whether a program can dlopen itself
configure:11289: gcc -o conftest -g -O2  -DHAVE_DLFCN_H  -Wl,--export-dynamic conftest.c -ldl  >&5
configure:11292: $? = 0
configure:11310: result: yes
configure:11315: checking whether a statically linked program can dlopen itself
configure:11395: gcc -o conftest -g -O2  -DHAVE_DLFCN_H  -Wl,--export-dynamic -static conftest.c -ldl  >&5
/tmp/ccqAReCG.o: In function `main':
/home/pi/disco320/compiling/bennugd-src/sorcode/bennugd-code-r354/tools/moddesc/configure:11374: warning: Using 'dlopen' in statically linked applications requires at runtime the shared libraries from the glibc version used for linking
configure:11398: $? = 0
conftest: undefined symbol: _fnord
configure:11416: result: no
configure:11455: checking whether stripping libraries is possible
configure:11460: result: yes
configure:11495: checking if libtool supports shared libraries
configure:11497: result: yes
configure:11500: checking whether to build shared libraries
configure:11521: result: yes
configure:11524: checking whether to build static libraries
configure:11528: result: no
configure:11603: checking for ANSI C header files
configure:11707: result: yes
configure:11717: checking for stdlib.h
configure:11717: result: yes
configure:11903: creating ./config.status

## ---------------------- ##
## Running config.status. ##
## ---------------------- ##

This file was extended by moddesc config.status 1.0, which was
generated by GNU Autoconf 2.68.  Invocation command line was

  CONFIG_FILES    = 
  CONFIG_HEADERS  = 
  CONFIG_LINKS    = 
  CONFIG_COMMANDS = 
  $ ./config.status 

on irae

config.status:1022: creating Makefile
config.status:1194: executing depfiles commands
config.status:1194: executing libtool commands

## ---------------- ##
## Cache variables. ##
## ---------------- ##

ac_cv_build=armv7l-unknown-linux-gnueabi
ac_cv_c_compiler_gnu=yes
ac_cv_env_CC_set=
ac_cv_env_CC_value=
ac_cv_env_CFLAGS_set=
ac_cv_env_CFLAGS_value=
ac_cv_env_CPPFLAGS_set=
ac_cv_env_CPPFLAGS_value=
ac_cv_env_CPP_set=
ac_cv_env_CPP_value=
ac_cv_env_LDFLAGS_set=
ac_cv_env_LDFLAGS_value=
ac_cv_env_LIBS_set=
ac_cv_env_LIBS_value=
ac_cv_env_PKG_CONFIG_LIBDIR_set=
ac_cv_env_PKG_CONFIG_LIBDIR_value=
ac_cv_env_PKG_CONFIG_PATH_set=
ac_cv_env_PKG_CONFIG_PATH_value=
ac_cv_env_PKG_CONFIG_set=
ac_cv_env_PKG_CONFIG_value=
ac_cv_env_build_alias_set=
ac_cv_env_build_alias_value=
ac_cv_env_host_alias_set=
ac_cv_env_host_alias_value=
ac_cv_env_target_alias_set=
ac_cv_env_target_alias_value=
ac_cv_func_dlopen=no
ac_cv_func_shl_load=no
ac_cv_header_dlfcn_h=yes
ac_cv_header_inttypes_h=yes
ac_cv_header_memory_h=yes
ac_cv_header_stdc=yes
ac_cv_header_stdint_h=yes
ac_cv_header_stdlib_h=yes
ac_cv_header_string_h=yes
ac_cv_header_strings_h=yes
ac_cv_header_sys_stat_h=yes
ac_cv_header_sys_types_h=yes
ac_cv_header_unistd_h=yes
ac_cv_host=armv7l-unknown-linux-gnueabi
ac_cv_lib_dl_dlopen=yes
ac_cv_lib_dld_shl_load=no
ac_cv_objext=o
ac_cv_path_EGREP='/bin/grep -E'
ac_cv_path_FGREP='/bin/grep -F'
ac_cv_path_GREP=/bin/grep
ac_cv_path_SED=/bin/sed
ac_cv_path_ac_pt_PKG_CONFIG=/usr/bin/pkg-config
ac_cv_path_install='/usr/bin/install -c'
ac_cv_path_mkdir=/bin/mkdir
ac_cv_prog_AWK=mawk
ac_cv_prog_CPP='gcc -E'
ac_cv_prog_ac_ct_AR=ar
ac_cv_prog_ac_ct_CC=gcc
ac_cv_prog_ac_ct_MANIFEST_TOOL=mt
ac_cv_prog_ac_ct_OBJDUMP=objdump
ac_cv_prog_ac_ct_RANLIB=ranlib
ac_cv_prog_ac_ct_STRIP=strip
ac_cv_prog_cc_c89=
ac_cv_prog_cc_g=yes
ac_cv_prog_cc_gcc_c_o=yes
ac_cv_prog_make_make_set=yes
ac_cv_target=armv7l-unknown-linux-gnueabi
am_cv_CC_dependencies_compiler_type=gcc3
lt_cv_ar_at_file=@
lt_cv_archive_cmds_need_lc=no
lt_cv_deplibs_check_method=pass_all
lt_cv_dlopen=dlopen
lt_cv_dlopen_libs=-ldl
lt_cv_dlopen_self=yes
lt_cv_dlopen_self_static=no
lt_cv_file_magic_cmd='$MAGIC_CMD'
lt_cv_file_magic_test_file=
lt_cv_ld_reload_flag=-r
lt_cv_nm_interface='BSD nm'
lt_cv_objdir=.libs
lt_cv_path_LD=/usr/bin/ld
lt_cv_path_NM='/usr/bin/nm -B'
lt_cv_path_mainfest_tool=no
lt_cv_prog_compiler_c_o=yes
lt_cv_prog_compiler_pic='-fPIC -DPIC'
lt_cv_prog_compiler_pic_works=yes
lt_cv_prog_compiler_rtti_exceptions=no
lt_cv_prog_compiler_static_works=yes
lt_cv_prog_gnu_ld=yes
lt_cv_sharedlib_from_linklib_cmd='printf %s\n'
lt_cv_shlibpath_overrides_runpath=no
lt_cv_sys_global_symbol_pipe='sed -n -e '\''s/^.*[	 ]\([ABCDGIRSTW][ABCDGIRSTW]*\)[	 ][	 ]*\([_A-Za-z][_A-Za-z0-9]*\)$/\1 \2 \2/p'\'' | sed '\''/ __gnu_lto/d'\'''
lt_cv_sys_global_symbol_to_c_name_address='sed -n -e '\''s/^: \([^ ]*\)[ ]*$/  {\"\1\", (void *) 0},/p'\'' -e '\''s/^[ABCDGIRSTW]* \([^ ]*\) \([^ ]*\)$/  {"\2", (void *) \&\2},/p'\'''
lt_cv_sys_global_symbol_to_c_name_address_lib_prefix='sed -n -e '\''s/^: \([^ ]*\)[ ]*$/  {\"\1\", (void *) 0},/p'\'' -e '\''s/^[ABCDGIRSTW]* \([^ ]*\) \(lib[^ ]*\)$/  {"\2", (void *) \&\2},/p'\'' -e '\''s/^[ABCDGIRSTW]* \([^ ]*\) \([^ ]*\)$/  {"lib\2", (void *) \&\2},/p'\'''
lt_cv_sys_global_symbol_to_cdecl='sed -n -e '\''s/^T .* \(.*\)$/extern int \1();/p'\'' -e '\''s/^[ABCDGIRSTW]* .* \(.*\)$/extern char \1;/p'\'''
lt_cv_sys_max_cmd_len=1572864
lt_cv_to_host_file_cmd=func_convert_file_noop
lt_cv_to_tool_file_cmd=func_convert_file_noop

## ----------------- ##
## Output variables. ##
## ----------------- ##

ACLOCAL='${SHELL} /home/pi/disco320/compiling/bennugd-src/sorcode/bennugd-code-r354/tools/moddesc/missing --run aclocal-1.11'
AMDEPBACKSLASH='\'
AMDEP_FALSE='#'
AMDEP_TRUE=''
AMTAR='${SHELL} /home/pi/disco320/compiling/bennugd-src/sorcode/bennugd-code-r354/tools/moddesc/missing --run tar'
AR='ar'
AUTOCONF='${SHELL} /home/pi/disco320/compiling/bennugd-src/sorcode/bennugd-code-r354/tools/moddesc/missing --run autoconf'
AUTOHEADER='${SHELL} /home/pi/disco320/compiling/bennugd-src/sorcode/bennugd-code-r354/tools/moddesc/missing --run autoheader'
AUTOMAKE='${SHELL} /home/pi/disco320/compiling/bennugd-src/sorcode/bennugd-code-r354/tools/moddesc/missing --run automake-1.11'
AWK='mawk'
CC='gcc'
CCDEPMODE='depmode=gcc3'
CFLAGS='-g -O2 -Wall -DTARGET_LINUX'
COMMON_CFLAGS='-g -O2 -Wall -DTARGET_LINUX -I/home/pi/disco320/compiling/bennugd-src/sorcode/bennugd-code-r354/tools/moddesc/../../core/include'
COMMON_LDFLAGS=' -lc -ldl'
CPP='gcc -E'
CPPFLAGS=''
CYGPATH_W='echo'
DEFS='-DPACKAGE_NAME=\"moddesc\" -DPACKAGE_TARNAME=\"moddesc\" -DPACKAGE_VERSION=\"1.0\" -DPACKAGE_STRING=\"moddesc\ 1.0\" -DPACKAGE_BUGREPORT=\"\" -DPACKAGE_URL=\"\" -DPACKAGE=\"moddesc\" -DVERSION=\"1.0\" -DSTDC_HEADERS=1 -DHAVE_SYS_TYPES_H=1 -DHAVE_SYS_STAT_H=1 -DHAVE_STDLIB_H=1 -DHAVE_STRING_H=1 -DHAVE_MEMORY_H=1 -DHAVE_STRINGS_H=1 -DHAVE_INTTYPES_H=1 -DHAVE_STDINT_H=1 -DHAVE_UNISTD_H=1 -DHAVE_DLFCN_H=1 -DLT_OBJDIR=\".libs/\" -DSTDC_HEADERS=1 -DHAVE_STDLIB_H=1'
DEPDIR='.deps'
DLLTOOL='false'
DSYMUTIL=''
DUMPBIN=''
ECHO_C=''
ECHO_N='-n'
ECHO_T=''
EGREP='/bin/grep -E'
EXEEXT=''
FGREP='/bin/grep -F'
GREP='/bin/grep'
INSTALL_DATA='${INSTALL} -m 644'
INSTALL_PROGRAM='${INSTALL}'
INSTALL_SCRIPT='${INSTALL}'
INSTALL_STRIP_PROGRAM='$(install_sh) -c -s'
LD='/usr/bin/ld'
LDFLAGS=' -lc -ldl'
LIBOBJS=''
LIBS=''
LIBTOOL='$(SHELL) $(top_builddir)/libtool'
LIPO=''
LN_S='ln -s'
LTLIBOBJS=''
MAINT='#'
MAINTAINER_MODE_FALSE=''
MAINTAINER_MODE_TRUE='#'
MAKEINFO='${SHELL} /home/pi/disco320/compiling/bennugd-src/sorcode/bennugd-code-r354/tools/moddesc/missing --run makeinfo'
MANIFEST_TOOL=':'
MKDIR_P='/bin/mkdir -p'
NM='/usr/bin/nm -B'
NMEDIT=''
OBJDUMP='objdump'
OBJEXT='o'
OTOOL64=''
OTOOL=''
PACKAGE='moddesc'
PACKAGE_BUGREPORT=''
PACKAGE_NAME='moddesc'
PACKAGE_STRING='moddesc 1.0'
PACKAGE_TARNAME='moddesc'
PACKAGE_URL=''
PACKAGE_VERSION='1.0'
PATH_SEPARATOR=':'
PKG_CONFIG='/usr/bin/pkg-config'
PKG_CONFIG_LIBDIR=''
PKG_CONFIG_PATH=''
RANLIB='ranlib'
SED='/bin/sed'
SET_MAKE=''
SHELL='/bin/sh'
STRIP='strip'
VERSION='1.0'
ac_ct_AR='ar'
ac_ct_CC='gcc'
ac_ct_DUMPBIN=''
am__EXEEXT_FALSE=''
am__EXEEXT_TRUE='#'
am__fastdepCC_FALSE='#'
am__fastdepCC_TRUE=''
am__include='include'
am__isrc=''
am__leading_dot='.'
am__quote=''
am__tar='${AMTAR} chof - "$$tardir"'
am__untar='${AMTAR} xf -'
bindir='${exec_prefix}/bin'
build='armv7l-unknown-linux-gnueabi'
build_alias=''
build_cpu='armv7l'
build_os='linux-gnueabi'
build_vendor='unknown'
datadir='${datarootdir}'
datarootdir='${prefix}/share'
docdir='${datarootdir}/doc/${PACKAGE_TARNAME}'
dvidir='${docdir}'
exec_prefix='${prefix}'
host='armv7l-unknown-linux-gnueabi'
host_alias=''
host_cpu='armv7l'
host_os='linux-gnueabi'
host_vendor='unknown'
htmldir='${docdir}'
includedir='${prefix}/include'
infodir='${datarootdir}/info'
install_sh='${SHELL} /home/pi/disco320/compiling/bennugd-src/sorcode/bennugd-code-r354/tools/moddesc/install-sh'
libdir='${exec_prefix}/lib'
libexecdir='${exec_prefix}/libexec'
localedir='${datarootdir}/locale'
localstatedir='${prefix}/var'
mandir='${datarootdir}/man'
mkdir_p='/bin/mkdir -p'
oldincludedir='/usr/include'
pdfdir='${docdir}'
prefix='/usr/local'
program_transform_name='s,x,x,'
psdir='${docdir}'
sbindir='${exec_prefix}/sbin'
sharedstatedir='${prefix}/com'
sysconfdir='${prefix}/etc'
target='armv7l-unknown-linux-gnueabi'
target_alias=''
target_cpu='armv7l'
target_os='linux-gnueabi'
target_vendor='unknown'

## ----------- ##
## confdefs.h. ##
## ----------- ##

/* confdefs.h */
#define PACKAGE_NAME "moddesc"
#define PACKAGE_TARNAME "moddesc"
#define PACKAGE_VERSION "1.0"
#define PACKAGE_STRING "moddesc 1.0"
#define PACKAGE_BUGREPORT ""
#define PACKAGE_URL ""
#define PACKAGE "moddesc"
#define VERSION "1.0"
#define STDC_HEADERS 1
#define HAVE_SYS_TYPES_H 1
#define HAVE_SYS_STAT_H 1
#define HAVE_STDLIB_H 1
#define HAVE_STRING_H 1
#define HAVE_MEMORY_H 1
#define HAVE_STRINGS_H 1
#define HAVE_INTTYPES_H 1
#define HAVE_STDINT_H 1
#define HAVE_UNISTD_H 1
#define HAVE_DLFCN_H 1
#define LT_OBJDIR ".libs/"
#define STDC_HEADERS 1
#define HAVE_STDLIB_H 1

configure: exit 0
